0 info it worked if it ends with ok
1 verbose cli [ '/usr/local/bin/node',
1 verbose cli   '/usr/local/bin/npm',
1 verbose cli   'remove',
1 verbose cli   '-g',
1 verbose cli   'phantomjs' ]
2 info using npm@1.4.28
3 info using node@v0.10.35
4 verbose node symlink /usr/local/bin/node
5 verbose lib/node_modules/phantomjs unbuild
6 info preuninstall phantomjs@1.9.7-5
7 info uninstall phantomjs@1.9.7-5
8 verbose true,/usr/local/lib/node_modules,/usr/local/lib/node_modules unbuild phantomjs@1.9.7-5
9 verbose /usr/local/bin,[object Object] binRoot
10 error Error: EACCES, unlink '/usr/local/bin/phantomjs'
10 error  { [Error: EACCES, unlink '/usr/local/bin/phantomjs'] errno: 3, code: 'EACCES', path: '/usr/local/bin/phantomjs' }
11 error Please try running this command again as root/Administrator.
12 error System Linux 3.13.0-44-generic
13 error command "/usr/local/bin/node" "/usr/local/bin/npm" "remove" "-g" "phantomjs"
14 error cwd /home/slene/yearFlavor
15 error node -v v0.10.35
16 error npm -v 1.4.28
17 error path /usr/local/bin/phantomjs
18 error code EACCES
19 error errno 3
20 error stack Error: EACCES, unlink '/usr/local/bin/phantomjs'
21 verbose exit [ 3, true ]
